* installing *source* package 'coorsim' ...
** using staged installation

   **********************************************
   WARNING: this package has a configure script
         It probably needs manual configuration
   **********************************************


** libs
using C++ compiler: 'G__~1.EXE (GCC) 13.3.0'
g++ -std=gnu++17  -I"C:/PROGRA~1/R/R-44~1.3/include" -DNDEBUG  -I'C:/Users/Daniel/AppData/Local/R/win-library/4.4/Rcpp/include' -I'C:/Users/Daniel/AppData/Local/R/win-library/4.4/RcppArmadillo/include'   -I"C:/rtools44/x86_64-w64-mingw32.static.posix/include"  -DARMA_64BIT_WORD=1 -DTBB   -O2 -Wall  -mfpmath=sse -msse2 -mstackrealign  -c RcppExports.cpp -o RcppExports.o
g++ -std=gnu++17  -I"C:/PROGRA~1/R/R-44~1.3/include" -DNDEBUG  -I'C:/Users/Daniel/AppData/Local/R/win-library/4.4/Rcpp/include' -I'C:/Users/Daniel/AppData/Local/R/win-library/4.4/RcppArmadillo/include'   -I"C:/rtools44/x86_64-w64-mingw32.static.posix/include"  -DARMA_64BIT_WORD=1 -DTBB   -O2 -Wall  -mfpmath=sse -msse2 -mstackrealign  -c query_and_compute_similarities.cpp -o query_and_compute_similarities.o
g++ -std=gnu++17  -I"C:/PROGRA~1/R/R-44~1.3/include" -DNDEBUG  -I'C:/Users/Daniel/AppData/Local/R/win-library/4.4/Rcpp/include' -I'C:/Users/Daniel/AppData/Local/R/win-library/4.4/RcppArmadillo/include'   -I"C:/rtools44/x86_64-w64-mingw32.static.posix/include"  -DARMA_64BIT_WORD=1 -DTBB   -O2 -Wall  -mfpmath=sse -msse2 -mstackrealign  -c query_and_compute_similarity_parallel.cpp -o query_and_compute_similarity_parallel.o
g++ -std=gnu++17 -shared -s -static-libgcc -o coorsim.dll tmp.def RcppExports.o query_and_compute_similarities.o query_and_compute_similarity_parallel.o -LC:/PROGRA~1/R/R-44~1.3/bin/x64 -lRlapack -LC:/PROGRA~1/R/R-44~1.3/bin/x64 -lRblas -lgfortran -lm -lquadmath -ltbb12 -fstack-protector -LC:/rtools44/x86_64-w64-mingw32.static.posix/lib/x64 -LC:/rtools44/x86_64-w64-mingw32.static.posix/lib -LC:/PROGRA~1/R/R-44~1.3/bin/x64 -lR
installing to C:/nextcloud/Packages/coorsim/coorsim.Rcheck/00LOCK-coorsim/00new/coorsim/libs/x64
** R
** data
*** moving datasets to lazyload DB
** inst
** byte-compile and prepare package for lazy loading
** help
*** installing help indices
*** copying figures
** building package indices
** testing if installed package can be loaded from temporary location
** testing if installed package can be loaded from final location
** testing if installed package keeps a record of temporary installation path
* DONE (coorsim)
